mode: set
github.com/echovl/cardano-wallet/crypto/derive.go:10.71,17.33 6 1
github.com/echovl/cardano-wallet/crypto/derive.go:33.2,48.13 12 1
github.com/echovl/cardano-wallet/crypto/derive.go:17.33,24.3 6 1
github.com/echovl/cardano-wallet/crypto/derive.go:24.8,32.3 7 0
github.com/echovl/cardano-wallet/crypto/derive.go:51.42,53.2 1 1
github.com/echovl/cardano-wallet/crypto/derive.go:55.46,57.2 1 1
github.com/echovl/cardano-wallet/crypto/derive.go:59.36,63.28 3 1
github.com/echovl/cardano-wallet/crypto/derive.go:68.2,68.30 1 1
github.com/echovl/cardano-wallet/crypto/derive.go:74.2,74.12 1 1
github.com/echovl/cardano-wallet/crypto/derive.go:63.28,67.3 3 1
github.com/echovl/cardano-wallet/crypto/derive.go:68.30,72.3 3 1
github.com/echovl/cardano-wallet/crypto/derive.go:77.36,81.28 3 1
github.com/echovl/cardano-wallet/crypto/derive.go:88.2,88.12 1 1
github.com/echovl/cardano-wallet/crypto/derive.go:81.28,86.3 3 1
github.com/echovl/cardano-wallet/crypto/key.go:17.69,24.2 4 1
github.com/echovl/cardano-wallet/crypto/key.go:26.46,27.32 1 0
github.com/echovl/cardano-wallet/crypto/key.go:30.2,31.17 2 0
github.com/echovl/cardano-wallet/crypto/key.go:27.32,28.36 1 0
github.com/echovl/cardano-wallet/crypto/key.go:34.61,43.2 6 0
